<?xml version="1.0" encoding="UTF-8"?>
<testng-results skipped="0" failed="0" ignored="0" total="1" passed="1">
  <reporter-output>
  </reporter-output>
  <suite name="Default suite" duration-ms="11063" started-at="2018-06-23T06:33:14Z" finished-at="2018-06-23T06:33:25Z">
    <groups>
    </groups>
    <test name="Default test" duration-ms="11063" started-at="2018-06-23T06:33:14Z" finished-at="2018-06-23T06:33:25Z">
      <class name="com.example.testSeleniumQuestions.NewTab">
        <test-method status="PASS" signature="newTabTest()[pri:0, instance:com.example.testSeleniumQuestions.NewTab@224edc67]" name="newTabTest" duration-ms="11012" started-at="2018-06-23T06:33:14Z" finished-at="2018-06-23T06:33:25Z">
          <reporter-output>
          </reporter-output>
        </test-method> <!-- newTabTest -->
      </class> <!-- com.example.testSeleniumQuestions.NewTab -->
    </test> <!-- Default test -->
  </suite> <!-- Default suite -->
</testng-results>
